[debug] [2020-09-30T09:43:42.484Z] ----------------------------------------------------------------------
[debug] [2020-09-30T09:43:42.487Z] Command:       /home/vlp90/.nvm/versions/node/v13.7.0/bin/node /home/vlp90/.nvm/versions/node/v13.7.0/bin/firebase emulators:start
[debug] [2020-09-30T09:43:42.488Z] CLI Version:   8.11.2
[debug] [2020-09-30T09:43:42.488Z] Platform:      linux
[debug] [2020-09-30T09:43:42.488Z] Node Version:  v13.7.0
[debug] [2020-09-30T09:43:42.489Z] Time:          Wed Sep 30 2020 11:43:42 GMT+0200 (Central European Summer Time)
[debug] [2020-09-30T09:43:42.489Z] ----------------------------------------------------------------------
[debug] [2020-09-30T09:43:42.489Z] 
[debug] [2020-09-30T09:43:42.505Z] > command requires scopes: ["email","openid","https://www.googleapis.com/auth/cloudplatformprojects.readonly","https://www.googleapis.com/auth/firebase","https://www.googleapis.com/auth/cloud-platform"]
[debug] [2020-09-30T09:43:42.505Z] > authorizing via signed-in user
[info] i  emulators: Starting emulators: functions, hosting {"metadata":{"emulator":{"name":"hub"},"message":"Starting emulators: functions, hosting"}}
[debug] [2020-09-30T09:43:42.527Z] [hub] writing locator at /tmp/hub-stripe-c7cb3.json
[warn] ⚠  functions: The following emulators are not running, calls to these services from the Functions emulator will affect production: auth, firestore, database, pubsub {"metadata":{"emulator":{"name":"functions"},"message":"The following emulators are not running, calls to these services from the Functions emulator will affect production: \u001b[1mauth, firestore, database, pubsub\u001b[22m"}}
[warn] ⚠  Your requested "node" version "10" doesn't match your global version "13" {"metadata":{"emulator":{"name":"functions"},"message":"Your requested \"node\" version \"10\" doesn't match your global version \"13\""}}
[debug] [2020-09-30T09:43:42.586Z] defaultcredentials: writing to file /home/vlp90/.config/firebase/vladimir_leloup_gmail.com_application_default_credentials.json
[debug] [2020-09-30T09:43:42.590Z] Setting GAC to /home/vlp90/.config/firebase/vladimir_leloup_gmail.com_application_default_credentials.json {"metadata":{"emulator":{"name":"functions"},"message":"Setting GAC to /home/vlp90/.config/firebase/vladimir_leloup_gmail.com_application_default_credentials.json"}}
[debug] [2020-09-30T09:43:42.599Z] >>> HTTP REQUEST GET https://firebase.googleapis.com/v1beta1/projects/stripe-c7cb3/webApps/-/config  
 
[debug] [2020-09-30T09:43:43.588Z] <<< HTTP RESPONSE 200 {"content-type":"application/json; charset=UTF-8","vary":"X-Origin, Referer, Origin,Accept-Encoding","date":"Wed, 30 Sep 2020 09:43:42 GMT","server":"ESF","cache-control":"private","x-xss-protection":"0","x-frame-options":"SAMEORIGIN","x-content-type-options":"nosniff","alt-svc":"h3-Q050=\":443\"; ma=2592000,h3-29=\":443\"; ma=2592000,h3-27=\":443\"; ma=2592000,h3-T051=\":443\"; ma=2592000,h3-T050=\":443\"; ma=2592000,h3-Q046=\":443\"; ma=2592000,h3-Q043=\":443\"; ma=2592000,quic=\":443\"; ma=2592000; v=\"46,43\"","accept-ranges":"none","transfer-encoding":"chunked"}
[info] i  hosting: Serving hosting files from: build {"metadata":{"emulator":{"name":"hosting"},"message":"Serving hosting files from: \u001b[1mbuild\u001b[22m"}}
[info] ✔  hosting: Local server: http://localhost:5000 {"metadata":{"emulator":{"name":"hosting"},"message":"Local server: \u001b[4m\u001b[1mhttp://localhost:5000\u001b[22m\u001b[24m"}}
[debug] [2020-09-30T09:43:43.666Z] Ignoring unsupported arg: auto_download {"metadata":{"emulator":{"name":"ui"},"message":"Ignoring unsupported arg: auto_download"}}
[debug] [2020-09-30T09:43:43.666Z] Ignoring unsupported arg: port {"metadata":{"emulator":{"name":"ui"},"message":"Ignoring unsupported arg: port"}}
[debug] [2020-09-30T09:43:43.666Z] Starting Emulator UI with command {"binary":"node","args":["/home/vlp90/.cache/firebase/emulators/ui-v1.1.1/server.bundle.js"],"optionalArgs":[],"joinArgs":false} {"metadata":{"emulator":{"name":"ui"},"message":"Starting Emulator UI with command {\"binary\":\"node\",\"args\":[\"/home/vlp90/.cache/firebase/emulators/ui-v1.1.1/server.bundle.js\"],\"optionalArgs\":[],\"joinArgs\":false}"}}
[info] i  ui: Emulator UI logging to ui-debug.log {"metadata":{"emulator":{"name":"ui"},"message":"Emulator UI logging to \u001b[1mui-debug.log\u001b[22m"}}
[debug] [2020-09-30T09:43:43.864Z] Web / API server started at http://localhost:4000
 {"metadata":{"emulator":{"name":"ui"},"message":"Web / API server started at http://localhost:4000\n"}}
[info] i  functions: Watching "/mnt/c/Users/vladl/Desktop/ProjetsPortfolio/DONE/amazon-stripe/functions" for Cloud Functions... {"metadata":{"emulator":{"name":"functions"},"message":"Watching \"/mnt/c/Users/vladl/Desktop/ProjetsPortfolio/DONE/amazon-stripe/functions\" for Cloud Functions..."}}
[debug] [2020-09-30T09:43:43.969Z] [worker-pool] addWorker(~diagnostic~) {"metadata":{"emulator":{"name":"functions"},"message":"[worker-pool] addWorker(~diagnostic~)"}}
[debug] [2020-09-30T09:43:43.969Z] [worker-pool] Adding worker with key ~diagnostic~, total=1 {"metadata":{"emulator":{"name":"functions"},"message":"[worker-pool] Adding worker with key ~diagnostic~, total=1"}}
[debug] [2020-09-30T09:43:43.969Z] [worker-pool] submitWork(triggerId=) {"metadata":{"emulator":{"name":"functions"},"message":"[worker-pool] submitWork(triggerId=)"}}
[debug] [2020-09-30T09:43:43.970Z] [worker-~diagnostic~-41f13338-0cc1-4716-9263-174ac2b23014]: Assigning socketPath: /tmp/fire_emu_7885.sock {"metadata":{"emulator":{"name":"functions"},"message":"[worker-~diagnostic~-41f13338-0cc1-4716-9263-174ac2b23014]: Assigning socketPath: /tmp/fire_emu_7885.sock"}}
[debug] [2020-09-30T09:43:43.970Z] [worker-~diagnostic~-41f13338-0cc1-4716-9263-174ac2b23014]: BUSY {"metadata":{"emulator":{"name":"functions"},"message":"[worker-~diagnostic~-41f13338-0cc1-4716-9263-174ac2b23014]: BUSY"}}
[debug] [2020-09-30T09:43:44.284Z] [runtime-status] [7885] Functions runtime initialized. {"cwd":"/mnt/c/Users/vladl/Desktop/ProjetsPortfolio/DONE/amazon-stripe/functions","node_version":"13.7.0"} {"metadata":{"emulator":{"name":"functions"},"message":"[runtime-status] [7885] Functions runtime initialized. {\"cwd\":\"/mnt/c/Users/vladl/Desktop/ProjetsPortfolio/DONE/amazon-stripe/functions\",\"node_version\":\"13.7.0\"}"}}
[debug] [2020-09-30T09:43:44.285Z] [runtime-status] [7885] Disabled runtime features: undefined {"metadata":{"emulator":{"name":"functions"},"message":"[runtime-status] [7885] Disabled runtime features: undefined"}}
[debug] [2020-09-30T09:43:44.314Z] [runtime-status] [7885] Resolved module firebase-admin {"declared":true,"installed":true,"version":"8.13.0","resolution":"/mnt/c/Users/vladl/Desktop/ProjetsPortfolio/DONE/amazon-stripe/functions/node_modules/firebase-admin/lib/index.js"} {"metadata":{"emulator":{"name":"functions"},"message":"[runtime-status] [7885] Resolved module firebase-admin {\"declared\":true,\"installed\":true,\"version\":\"8.13.0\",\"resolution\":\"/mnt/c/Users/vladl/Desktop/ProjetsPortfolio/DONE/amazon-stripe/functions/node_modules/firebase-admin/lib/index.js\"}"}}
[debug] [2020-09-30T09:43:44.314Z] [runtime-status] [7885] Resolved module firebase-functions {"declared":true,"installed":true,"version":"3.11.0","resolution":"/mnt/c/Users/vladl/Desktop/ProjetsPortfolio/DONE/amazon-stripe/functions/node_modules/firebase-functions/lib/index.js"} {"metadata":{"emulator":{"name":"functions"},"message":"[runtime-status] [7885] Resolved module firebase-functions {\"declared\":true,\"installed\":true,\"version\":\"3.11.0\",\"resolution\":\"/mnt/c/Users/vladl/Desktop/ProjetsPortfolio/DONE/amazon-stripe/functions/node_modules/firebase-functions/lib/index.js\"}"}}
[debug] [2020-09-30T09:43:44.330Z] [runtime-status] [7885] Resolved module firebase-functions {"declared":true,"installed":true,"version":"3.11.0","resolution":"/mnt/c/Users/vladl/Desktop/ProjetsPortfolio/DONE/amazon-stripe/functions/node_modules/firebase-functions/lib/index.js"} {"metadata":{"emulator":{"name":"functions"},"message":"[runtime-status] [7885] Resolved module firebase-functions {\"declared\":true,\"installed\":true,\"version\":\"3.11.0\",\"resolution\":\"/mnt/c/Users/vladl/Desktop/ProjetsPortfolio/DONE/amazon-stripe/functions/node_modules/firebase-functions/lib/index.js\"}"}}
[debug] [2020-09-30T09:43:44.331Z] [runtime-status] [7885] Outgoing network have been stubbed. [{"name":"http","status":"mocked"},{"name":"http","status":"mocked"},{"name":"https","status":"mocked"},{"name":"https","status":"mocked"},{"name":"net","status":"mocked"}] {"metadata":{"emulator":{"name":"functions"},"message":"[runtime-status] [7885] Outgoing network have been stubbed. [{\"name\":\"http\",\"status\":\"mocked\"},{\"name\":\"http\",\"status\":\"mocked\"},{\"name\":\"https\",\"status\":\"mocked\"},{\"name\":\"https\",\"status\":\"mocked\"},{\"name\":\"net\",\"status\":\"mocked\"}]"}}
[debug] [2020-09-30T09:43:44.331Z] [runtime-status] [7885] Resolved module firebase-functions {"declared":true,"installed":true,"version":"3.11.0","resolution":"/mnt/c/Users/vladl/Desktop/ProjetsPortfolio/DONE/amazon-stripe/functions/node_modules/firebase-functions/lib/index.js"} {"metadata":{"emulator":{"name":"functions"},"message":"[runtime-status] [7885] Resolved module firebase-functions {\"declared\":true,\"installed\":true,\"version\":\"3.11.0\",\"resolution\":\"/mnt/c/Users/vladl/Desktop/ProjetsPortfolio/DONE/amazon-stripe/functions/node_modules/firebase-functions/lib/index.js\"}"}}
[debug] [2020-09-30T09:43:44.778Z] [runtime-status] [7885] Checked functions.config() {"config":{}} {"metadata":{"emulator":{"name":"functions"},"message":"[runtime-status] [7885] Checked functions.config() {\"config\":{}}"}}
[debug] [2020-09-30T09:43:44.779Z] [runtime-status] [7885] firebase-functions has been stubbed. {"functionsResolution":{"declared":true,"installed":true,"version":"3.11.0","resolution":"/mnt/c/Users/vladl/Desktop/ProjetsPortfolio/DONE/amazon-stripe/functions/node_modules/firebase-functions/lib/index.js"}} {"metadata":{"emulator":{"name":"functions"},"message":"[runtime-status] [7885] firebase-functions has been stubbed. {\"functionsResolution\":{\"declared\":true,\"installed\":true,\"version\":\"3.11.0\",\"resolution\":\"/mnt/c/Users/vladl/Desktop/ProjetsPortfolio/DONE/amazon-stripe/functions/node_modules/firebase-functions/lib/index.js\"}}"}}
[debug] [2020-09-30T09:43:44.779Z] [runtime-status] [7885] Resolved module firebase-functions {"declared":true,"installed":true,"version":"3.11.0","resolution":"/mnt/c/Users/vladl/Desktop/ProjetsPortfolio/DONE/amazon-stripe/functions/node_modules/firebase-functions/lib/index.js"} {"metadata":{"emulator":{"name":"functions"},"message":"[runtime-status] [7885] Resolved module firebase-functions {\"declared\":true,\"installed\":true,\"version\":\"3.11.0\",\"resolution\":\"/mnt/c/Users/vladl/Desktop/ProjetsPortfolio/DONE/amazon-stripe/functions/node_modules/firebase-functions/lib/index.js\"}"}}
[debug] [2020-09-30T09:43:44.780Z] [runtime-status] [7885] Resolved module firebase-admin {"declared":true,"installed":true,"version":"8.13.0","resolution":"/mnt/c/Users/vladl/Desktop/ProjetsPortfolio/DONE/amazon-stripe/functions/node_modules/firebase-admin/lib/index.js"} {"metadata":{"emulator":{"name":"functions"},"message":"[runtime-status] [7885] Resolved module firebase-admin {\"declared\":true,\"installed\":true,\"version\":\"8.13.0\",\"resolution\":\"/mnt/c/Users/vladl/Desktop/ProjetsPortfolio/DONE/amazon-stripe/functions/node_modules/firebase-admin/lib/index.js\"}"}}
[debug] [2020-09-30T09:43:44.781Z] [runtime-status] [7885] Resolved module firebase-functions {"declared":true,"installed":true,"version":"3.11.0","resolution":"/mnt/c/Users/vladl/Desktop/ProjetsPortfolio/DONE/amazon-stripe/functions/node_modules/firebase-functions/lib/index.js"} {"metadata":{"emulator":{"name":"functions"},"message":"[runtime-status] [7885] Resolved module firebase-functions {\"declared\":true,\"installed\":true,\"version\":\"3.11.0\",\"resolution\":\"/mnt/c/Users/vladl/Desktop/ProjetsPortfolio/DONE/amazon-stripe/functions/node_modules/firebase-functions/lib/index.js\"}"}}
[debug] [2020-09-30T09:43:44.781Z] [runtime-status] [7885] firebase-admin has been stubbed. {"adminResolution":{"declared":true,"installed":true,"version":"8.13.0","resolution":"/mnt/c/Users/vladl/Desktop/ProjetsPortfolio/DONE/amazon-stripe/functions/node_modules/firebase-admin/lib/index.js"}} {"metadata":{"emulator":{"name":"functions"},"message":"[runtime-status] [7885] firebase-admin has been stubbed. {\"adminResolution\":{\"declared\":true,\"installed\":true,\"version\":\"8.13.0\",\"resolution\":\"/mnt/c/Users/vladl/Desktop/ProjetsPortfolio/DONE/amazon-stripe/functions/node_modules/firebase-admin/lib/index.js\"}}"}}
[info] ✔  functions[api]: http function initialized (http://localhost:5001/stripe-c7cb3/us-central1/api). {"metadata":{"emulator":{"name":"functions"},"message":"\u001b[1mhttp\u001b[22m function initialized (http://localhost:5001/stripe-c7cb3/us-central1/api)."}}
[info] 
┌───────────────────────────────────────────────────────────────────────┐
│ ✔  All emulators ready! View status and logs at http://localhost:4000 │
└───────────────────────────────────────────────────────────────────────┘

┌───────────┬────────────────┬─────────────────────────────────┐
│ Emulator  │ Host:Port      │ View in Emulator UI             │
├───────────┼────────────────┼─────────────────────────────────┤
│ Functions │ localhost:5001 │ http://localhost:4000/functions │
├───────────┼────────────────┼─────────────────────────────────┤
│ Hosting   │ localhost:5000 │ n/a                             │
└───────────┴────────────────┴─────────────────────────────────┘
  Other reserved ports: 4400, 4500

Issues? Report them at https://github.com/firebase/firebase-tools/issues and attach the *-debug.log files.
 
[debug] [2020-09-30T09:43:46.040Z] [worker-~diagnostic~-41f13338-0cc1-4716-9263-174ac2b23014]: IDLE {"metadata":{"emulator":{"name":"functions"},"message":"[worker-~diagnostic~-41f13338-0cc1-4716-9263-174ac2b23014]: IDLE"}}
